<?xml version="1.0" encoding="utf-8"?><testsuites><testsuite name="pytest" errors="0" failures="0" skipped="0" tests="9" time="0.140" timestamp="2022-09-03T17:23:16.590604" hostname="LAPTOP-NKAPU5BD"><testcase classname="tests.domain.test_funcionario.TestFuncionario" name="test_valida_calculo_idade" time="0.003" /><testcase classname="tests.domain.test_funcionario.TestFuncionario" name="test_valida_calculo_bonus_salario_maior_dez_mil_deve_emitir_excecao" time="0.001" /><testcase classname="tests.domain.test_funcionario.TestFuncionario" name="test_valida_calculo_bonus_salario_menor_dez_mil_deve_retornar_bonus_dez_porcento" time="0.001" /><testcase classname="tests.domain.test_funcionario.TestFuncionario" name="test_valida_calculo_bonus_salario_igual_dez_mil_deve_retornar_bonus_mil_reais" time="0.001" /><testcase classname="tests.domain.test_funcionario.TestFuncionario" name="test_quando_salario_igual_cem_mil_deve_realizar_decrescimo_dez_porcento" time="0.001" /><testcase classname="tests.domain.test_funcionario.TestFuncionario" name="test_quando_salario_maior_cem_mil_deve_realizar_decrescimo_dez_porcento" time="0.001" /><testcase classname="tests.domain.test_funcionario.TestFuncionario" name="test_quando_salario_menor_cem_mil_nao_deve_realizar_decrescimo_dez_porcento" time="0.001" /><testcase classname="tests.domain.test_funcionario.TestFuncionario" name="test_quando_diretor_salario_menor_cem_mil_nao_deve_realizar_decrescimo_dez_porcento" time="0.001" /><testcase classname="tests.domain.test_funcionario.TestFuncionario" name="test_quando_socio_salario_menor_cem_mil_nao_deve_realizar_decrescimo_dez_porcento" time="0.001" /></testsuite></testsuites>